<?xml version="1.0" encoding="UTF-8"?>
<!-- Generated by org.testng.reporters.JUnitReportReporter -->
<testsuite hostname="M4L-FAC-REKHAB" name="MyTests.VerifyLogin" tests="1" failures="0" timestamp="10 Oct 2019 05:55:46 GMT" time="35.069" errors="0">
  <testcase name="checklogin" time="35.069" classname="MyTests.VerifyLogin"/>
</testsuite> <!-- MyTests.VerifyLogin -->
